#
# There is insufficient memory for the Java Runtime Environment to continue.
# Native memory allocation (malloc) failed to allocate 32744 bytes for ChunkPool::allocate
# Possible reasons:
#   The system is out of physical RAM or swap space
#   The process is running with CompressedOops enabled, and the Java Heap may be blocking the growth of the native heap
# Possible solutions:
#   Reduce memory load on the system
#   Increase physical memory or swap space
#   Check if swap backing store is full
#   Decrease Java heap size (-Xmx/-Xms)
#   Decrease number of Java threads
#   Decrease Java thread stack sizes (-Xss)
#   Set larger code cache with -XX:ReservedCodeCacheSize=
#   JVM is running with Unscaled Compressed Oops mode in which the Java heap is
#     placed in the first 4GB address space. The Java Heap base address is the
#     maximum limit for the native heap growth. Please use -XX:HeapBaseMinAddress
#     to set the Java Heap base and to place the Java Heap above 4GB virtual address.
# This output file may be truncated or incomplete.
#
#  Out of Memory Error (allocation.cpp:272), pid=16288, tid=0x0000000000000e8c
#
# JRE version: Java(TM) SE Runtime Environment (8.0_241-b07) (build 1.8.0_241-b07)
# Java VM: Java HotSpot(TM) 64-Bit Server VM (25.241-b07 mixed mode windows-amd64 compressed oops)
# Failed to write core dump. Minidumps are not enabled by default on client versions of Windows
#

---------------  T H R E A D  ---------------

Current thread (0x00000000170ac000):  JavaThread "C2 CompilerThread1" daemon [_thread_in_native, id=3724, stack(0x0000000018800000,0x0000000018900000)]

Stack: [0x0000000018800000,0x0000000018900000]
[error occurred during error reporting (printing stack bounds), id 0xc0000005]

Native frames: (J=compiled Java code, j=interpreted, Vv=VM code, C=native code)


Current CompileTask:
C2:   3194 2525       4       org.springframework.beans.factory.support.AbstractBeanFactory::isTypeMatch (607 bytes)


---------------  P R O C E S S  ---------------

Java Threads: ( => current thread )
  0x0000000018a38800 JavaThread "Service Thread" daemon [_thread_blocked, id=11920, stack(0x0000000018e00000,0x0000000018f00000)]
  0x00000000170b2000 JavaThread "C1 CompilerThread2" daemon [_thread_in_native, id=9304, stack(0x0000000018900000,0x0000000018a00000)]
=>0x00000000170ac000 JavaThread "C2 CompilerThread1" daemon [_thread_in_native, id=3724, stack(0x0000000018800000,0x0000000018900000)]
  0x00000000170a6800 JavaThread "C2 CompilerThread0" daemon [_thread_in_native, id=7332, stack(0x0000000018700000,0x0000000018800000)]
  0x00000000170a3000 JavaThread "Attach Listener" daemon [_thread_blocked, id=18132, stack(0x0000000018600000,0x0000000018700000)]
  0x00000000170a1800 JavaThread "Signal Dispatcher" daemon [_thread_blocked, id=17188, stack(0x0000000018500000,0x0000000018600000)]
  0x000000001708f800 JavaThread "Finalizer" daemon [_thread_blocked, id=1876, stack(0x0000000018300000,0x0000000018400000)]
  0x0000000002577000 JavaThread "Reference Handler" daemon [_thread_blocked, id=17772, stack(0x0000000018200000,0x0000000018300000)]
  0x0000000002484800 JavaThread "main" [_thread_in_vm, id=11612, stack(0x0000000002380000,0x0000000002480000)]

Other Threads:
  0x0000000017067800 VMThread [stack: 0x0000000018100000,0x0000000018200000] [id=16140]
  0x00000000170fc000 WatcherThread [stack: 0x0000000018f00000,0x0000000019000000] [id=17868]

VM state:not at safepoint (normal execution)

VM Mutex/Monitor currently owned by a thread: None

heap address: 0x0000000081e00000, size: 2018 MB, Compressed Oops mode: 32-bit
Narrow klass base: 0x0000000000000000, Narrow klass shift: 3
Compressed class space size: 1073741824 Address: 0x0000000100000000

Heap:
 PSYoungGen      total 38400K, used 13425K [0x00000000d5f80000, 0x00000000daa00000, 0x0000000100000000)
  eden space 33280K, 27% used [0x00000000d5f80000,0x00000000d6880188,0x00000000d8000000)
  from space 5120K, 82% used [0x00000000d8000000,0x00000000d841c3c8,0x00000000d8500000)
  to   space 8704K, 0% used [0x00000000da180000,0x00000000da180000,0x00000000daa00000)
 ParOldGen       total 48640K, used 5558K [0x0000000081e00000, 0x0000000084d80000, 0x00000000d5f80000)
  object space 48640K, 11% used [0x0000000081e00000,0x000000008236d890,0x0000000084d80000)
 Metaspace       used 24253K, capacity 25528K, committed 25728K, reserved 1071104K
  class space    used 3121K, capacity 3372K, committed 3456K, reserved 1048576K

Card table byte_map: [0x0000000011940000,0x0000000011d40000] byte_map_base: 0x0000000011531000

Marking Bits: (ParMarkBitMap*) 0x0000000055afbe30
 Begin Bits: [0x00000000123f0000, 0x0000000014378000)
 End Bits:   [0x0000000014378000, 0x0000000016300000)

Polling page: 0x0000000000680000

CodeCache: size=245760Kb used=8370Kb max_used=8370Kb free=237389Kb
 bounds [0x0000000002580000, 0x0000000002dc0000, 0x0000000011580000]
 total_blobs=2920 nmethods=2549 adapters=282
 compilation: enabled

Compilation events (10 events):
Event: 3.185 Thread 0x00000000170b2000 nmethod 2549 0x0000000002daf8d0 code [0x0000000002dafa20, 0x0000000002dafb10]
Event: 3.188 Thread 0x00000000170b2000 2550       3       org.springframework.core.annotation.AnnotationsScanner::processMethod (116 bytes)
Event: 3.190 Thread 0x00000000170b2000 nmethod 2550 0x0000000002dafb90 code [0x0000000002dafe00, 0x0000000002db0e88]
Event: 3.190 Thread 0x00000000170b2000 2551       3       java.lang.ThreadLocal$ThreadLocalMap::nextIndex (15 bytes)
Event: 3.190 Thread 0x00000000170b2000 nmethod 2551 0x0000000002db15d0 code [0x0000000002db1720, 0x0000000002db18b0]
Event: 3.190 Thread 0x00000000170b2000 2552       3       org.springframework.util.ClassUtils::getUserClass (31 bytes)
Event: 3.191 Thread 0x00000000170b2000 nmethod 2552 0x0000000002db1910 code [0x0000000002db1ae0, 0x0000000002db22e8]
Event: 3.191 Thread 0x00000000170b2000 2553       3       org.springframework.context.annotation.CommonAnnotationBeanPostProcessor$$Lambda$300/373437697::doWith (17 bytes)
Event: 3.192 Thread 0x00000000170b2000 nmethod 2553 0x0000000002db2650 code [0x0000000002db27c0, 0x0000000002db2968]
Event: 3.192 Thread 0x00000000170b2000 2554       3       org.springframework.context.annotation.CommonAnnotationBeanPostProcessor::lambda$buildResourceMetadata$1 (352 bytes)

GC Heap History (10 events):
Event: 1.544 GC heap before
{Heap before GC invocations=4 (full 0):
 PSYoungGen      total 38400K, used 38394K [0x00000000d5f80000, 0x00000000d8a00000, 0x0000000100000000)
  eden space 33280K, 100% used [0x00000000d5f80000,0x00000000d8000000,0x00000000d8000000)
  from space 5120K, 99% used [0x00000000d8000000,0x00000000d84fe840,0x00000000d8500000)
  to   space 5120K, 0% used [0x00000000d8500000,0x00000000d8500000,0x00000000d8a00000)
 ParOldGen       total 87552K, used 3499K [0x0000000081e00000, 0x0000000087380000, 0x00000000d5f80000)
  object space 87552K, 3% used [0x0000000081e00000,0x000000008216af80,0x0000000087380000)
 Metaspace       used 18009K, capacity 18604K, committed 18944K, reserved 1064960K
  class space    used 2277K, capacity 2442K, committed 2560K, reserved 1048576K
Event: 1.550 GC heap after
Heap after GC invocations=4 (full 0):
 PSYoungGen      total 38400K, used 4296K [0x00000000d5f80000, 0x00000000d8a00000, 0x0000000100000000)
  eden space 33280K, 0% used [0x00000000d5f80000,0x00000000d5f80000,0x00000000d8000000)
  from space 5120K, 83% used [0x00000000d8500000,0x00000000d89323f0,0x00000000d8a00000)
  to   space 5120K, 0% used [0x00000000d8000000,0x00000000d8000000,0x00000000d8500000)
 ParOldGen       total 87552K, used 3507K [0x0000000081e00000, 0x0000000087380000, 0x00000000d5f80000)
  object space 87552K, 4% used [0x0000000081e00000,0x000000008216cf80,0x0000000087380000)
 Metaspace       used 18009K, capacity 18604K, committed 18944K, reserved 1064960K
  class space    used 2277K, capacity 2442K, committed 2560K, reserved 1048576K
}
Event: 2.129 GC heap before
{Heap before GC invocations=5 (full 0):
 PSYoungGen      total 38400K, used 37576K [0x00000000d5f80000, 0x00000000d8a00000, 0x0000000100000000)
  eden space 33280K, 100% used [0x00000000d5f80000,0x00000000d8000000,0x00000000d8000000)
  from space 5120K, 83% used [0x00000000d8500000,0x00000000d89323f0,0x00000000d8a00000)
  to   space 5120K, 0% used [0x00000000d8000000,0x00000000d8000000,0x00000000d8500000)
 ParOldGen       total 87552K, used 3507K [0x0000000081e00000, 0x0000000087380000, 0x00000000d5f80000)
  object space 87552K, 4% used [0x0000000081e00000,0x000000008216cf80,0x0000000087380000)
 Metaspace       used 19975K, capacity 20774K, committed 20992K, reserved 1067008K
  class space    used 2499K, capacity 2697K, committed 2816K, reserved 1048576K
Event: 2.140 GC heap after
Heap after GC invocations=5 (full 0):
 PSYoungGen      total 38400K, used 5118K [0x00000000d5f80000, 0x00000000d8a00000, 0x0000000100000000)
  eden space 33280K, 0% used [0x00000000d5f80000,0x00000000d5f80000,0x00000000d8000000)
  from space 5120K, 99% used [0x00000000d8000000,0x00000000d84ff848,0x00000000d8500000)
  to   space 5120K, 0% used [0x00000000d8500000,0x00000000d8500000,0x00000000d8a00000)
 ParOldGen       total 87552K, used 5599K [0x0000000081e00000, 0x0000000087380000, 0x00000000d5f80000)
  object space 87552K, 6% used [0x0000000081e00000,0x0000000082377eb0,0x0000000087380000)
 Metaspace       used 19975K, capacity 20774K, committed 20992K, reserved 1067008K
  class space    used 2499K, capacity 2697K, committed 2816K, reserved 1048576K
}
Event: 2.188 GC heap before
{Heap before GC invocations=6 (full 0):
 PSYoungGen      total 38400K, used 9311K [0x00000000d5f80000, 0x00000000d8a00000, 0x0000000100000000)
  eden space 33280K, 12% used [0x00000000d5f80000,0x00000000d63984b8,0x00000000d8000000)
  from space 5120K, 99% used [0x00000000d8000000,0x00000000d84ff848,0x00000000d8500000)
  to   space 5120K, 0% used [0x00000000d8500000,0x00000000d8500000,0x00000000d8a00000)
 ParOldGen       total 87552K, used 5599K [0x0000000081e00000, 0x0000000087380000, 0x00000000d5f80000)
  object space 87552K, 6% used [0x0000000081e00000,0x0000000082377eb0,0x0000000087380000)
 Metaspace       used 20366K, capacity 21160K, committed 21248K, reserved 1067008K
  class space    used 2545K, capacity 2734K, committed 2816K, reserved 1048576K
Event: 2.195 GC heap after
Heap after GC invocations=6 (full 0):
 PSYoungGen      total 38400K, used 5118K [0x00000000d5f80000, 0x00000000d8a00000, 0x0000000100000000)
  eden space 33280K, 0% used [0x00000000d5f80000,0x00000000d5f80000,0x00000000d8000000)
  from space 5120K, 99% used [0x00000000d8500000,0x00000000d89ff848,0x00000000d8a00000)
  to   space 5120K, 0% used [0x00000000d8000000,0x00000000d8000000,0x00000000d8500000)
 ParOldGen       total 87552K, used 6086K [0x0000000081e00000, 0x0000000087380000, 0x00000000d5f80000)
  object space 87552K, 6% used [0x0000000081e00000,0x00000000823f1998,0x0000000087380000)
 Metaspace       used 20366K, capacity 21160K, committed 21248K, reserved 1067008K
  class space    used 2545K, capacity 2734K, committed 2816K, reserved 1048576K
}
Event: 2.195 GC heap before
{Heap before GC invocations=7 (full 1):
 PSYoungGen      total 38400K, used 5118K [0x00000000d5f80000, 0x00000000d8a00000, 0x0000000100000000)
  eden space 33280K, 0% used [0x00000000d5f80000,0x00000000d5f80000,0x00000000d8000000)
  from space 5120K, 99% used [0x00000000d8500000,0x00000000d89ff848,0x00000000d8a00000)
  to   space 5120K, 0% used [0x00000000d8000000,0x00000000d8000000,0x00000000d8500000)
 ParOldGen       total 87552K, used 6086K [0x0000000081e00000, 0x0000000087380000, 0x00000000d5f80000)
  object space 87552K, 6% used [0x0000000081e00000,0x00000000823f1998,0x0000000087380000)
 Metaspace       used 20366K, capacity 21160K, committed 21248K, reserved 1067008K
  class space    used 2545K, capacity 2734K, committed 2816K, reserved 1048576K
Event: 2.232 GC heap after
Heap after GC invocations=7 (full 1):
 PSYoungGen      total 38400K, used 0K [0x00000000d5f80000, 0x00000000d8a00000, 0x0000000100000000)
  eden space 33280K, 0% used [0x00000000d5f80000,0x00000000d5f80000,0x00000000d8000000)
  from space 5120K, 0% used [0x00000000d8500000,0x00000000d8500000,0x00000000d8a00000)
  to   space 5120K, 0% used [0x00000000d8000000,0x00000000d8000000,0x00000000d8500000)
 ParOldGen       total 48640K, used 5550K [0x0000000081e00000, 0x0000000084d80000, 0x00000000d5f80000)
  object space 48640K, 11% used [0x0000000081e00000,0x000000008236b890,0x0000000084d80000)
 Metaspace       used 20366K, capacity 21160K, committed 21248K, reserved 1067008K
  class space    used 2545K, capacity 2734K, committed 2816K, reserved 1048576K
}
Event: 2.978 GC heap before
{Heap before GC invocations=8 (full 1):
 PSYoungGen      total 38400K, used 33280K [0x00000000d5f80000, 0x00000000d8a00000, 0x0000000100000000)
  eden space 33280K, 100% used [0x00000000d5f80000,0x00000000d8000000,0x00000000d8000000)
  from space 5120K, 0% used [0x00000000d8500000,0x00000000d8500000,0x00000000d8a00000)
  to   space 5120K, 0% used [0x00000000d8000000,0x00000000d8000000,0x00000000d8500000)
 ParOldGen       total 48640K, used 5550K [0x0000000081e00000, 0x0000000084d80000, 0x00000000d5f80000)
  object space 48640K, 11% used [0x0000000081e00000,0x000000008236b890,0x0000000084d80000)
 Metaspace       used 23248K, capacity 24438K, committed 24576K, reserved 1071104K
  class space    used 2981K, capacity 3219K, committed 3328K, reserved 1048576K
Event: 2.984 GC heap after
Heap after GC invocations=8 (full 1):
 PSYoungGen      total 38400K, used 4208K [0x00000000d5f80000, 0x00000000daa00000, 0x0000000100000000)
  eden space 33280K, 0% used [0x00000000d5f80000,0x00000000d5f80000,0x00000000d8000000)
  from space 5120K, 82% used [0x00000000d8000000,0x00000000d841c3c8,0x00000000d8500000)
  to   space 8704K, 0% used [0x00000000da180000,0x00000000da180000,0x00000000daa00000)
 ParOldGen       total 48640K, used 5558K [0x0000000081e00000, 0x0000000084d80000, 0x00000000d5f80000)
  object space 48640K, 11% used [0x0000000081e00000,0x000000008236d890,0x0000000084d80000)
 Metaspace       used 23248K, capacity 24438K, committed 24576K, reserved 1071104K
  class space    used 2981K, capacity 3219K, committed 3328K, reserved 1048576K
}

Deoptimization events (10 events):
Event: 3.006 Thread 0x0000000002484800 Uncommon trap: reason=unstable_if action=reinterpret pc=0x0000000002d15ed4 method=java.lang.reflect.Method.equals(Ljava/lang/Object;)Z @ 1
Event: 3.019 Thread 0x0000000002484800 Uncommon trap: reason=unstable_if action=reinterpret pc=0x0000000002b44f58 method=org.springframework.util.ConcurrentReferenceHashMap$Segment.findInChain(Lorg/springframework/util/ConcurrentReferenceHashMap$Reference;Ljava/lang/Object;I)Lorg/springframewo
Event: 3.019 Thread 0x0000000002484800 Uncommon trap: reason=unstable_if action=reinterpret pc=0x0000000002b331f4 method=org.springframework.util.ConcurrentReferenceHashMap$Segment.findInChain(Lorg/springframework/util/ConcurrentReferenceHashMap$Reference;Ljava/lang/Object;I)Lorg/springframewo
Event: 3.091 Thread 0x0000000002484800 Uncommon trap: reason=unstable_if action=reinterpret pc=0x00000000029f08c4 method=java.util.Properties$LineReader.readLine()I @ 252
Event: 3.091 Thread 0x0000000002484800 Uncommon trap: reason=unstable_if action=reinterpret pc=0x00000000029e9f30 method=java.util.Properties$LineReader.readLine()I @ 252
Event: 3.139 Thread 0x0000000002484800 Uncommon trap: reason=unstable_if action=reinterpret pc=0x0000000002b35678 method=java.util.concurrent.ConcurrentHashMap.get(Ljava/lang/Object;)Ljava/lang/Object; @ 76
Event: 3.139 Thread 0x0000000002484800 Uncommon trap: reason=class_check action=maybe_recompile pc=0x000000000299f780 method=java.util.concurrent.ConcurrentHashMap.putVal(Ljava/lang/Object;Ljava/lang/Object;Z)Ljava/lang/Object; @ 192
Event: 3.158 Thread 0x0000000002484800 Uncommon trap: reason=class_check action=maybe_recompile pc=0x000000000299f780 method=java.util.concurrent.ConcurrentHashMap.putVal(Ljava/lang/Object;Ljava/lang/Object;Z)Ljava/lang/Object; @ 192
Event: 3.185 Thread 0x0000000002484800 Uncommon trap: reason=class_check action=maybe_recompile pc=0x000000000299f780 method=java.util.concurrent.ConcurrentHashMap.putVal(Ljava/lang/Object;Ljava/lang/Object;Z)Ljava/lang/Object; @ 192
Event: 3.187 Thread 0x0000000002484800 Uncommon trap: reason=class_check action=maybe_recompile pc=0x000000000299f780 method=java.util.concurrent.ConcurrentHashMap.putVal(Ljava/lang/Object;Ljava/lang/Object;Z)Ljava/lang/Object; @ 192

Classes redefined (0 events):
No events

Internal exceptions (10 events):
Event: 2.795 Thread 0x0000000002484800 Exception <a 'java/lang/ClassNotFoundException': org/springframework/beans/factory/BeanClassLoaderAwareCustomizer> (0x00000000d7c580d8) thrown at [C:\ade\jenkins\workspace\8-2-build-windows-amd64-cygwin\jdk8u241\331\hotspot\src\share\vm\classfile\systemDi
Event: 2.796 Thread 0x0000000002484800 Exception <a 'java/lang/ClassNotFoundException': org/springframework/beans/factory/AwareCustomizer> (0x00000000d7c69f30) thrown at [C:\ade\jenkins\workspace\8-2-build-windows-amd64-cygwin\jdk8u241\331\hotspot\src\share\vm\classfile\systemDictionary.cpp, l
Event: 2.796 Thread 0x0000000002484800 Exception <a 'java/lang/ClassNotFoundException': org/springframework/aop/framework/AopInfrastructureBeanCustomizer> (0x00000000d7c7e3b0) thrown at [C:\ade\jenkins\workspace\8-2-build-windows-amd64-cygwin\jdk8u241\331\hotspot\src\share\vm\classfile\systemD
Event: 2.817 Thread 0x0000000002484800 Exception <a 'java/lang/NoSuchMethodError': java.lang.Object.lambda$thenComparing$36697e65$1(Ljava/util/Comparator;Ljava/lang/Object;Ljava/lang/Object;)I> (0x00000000d7d33c40) thrown at [C:\ade\jenkins\workspace\8-2-build-windows-amd64-cygwin\jdk8u241\331
Event: 3.002 Thread 0x0000000002484800 Exception <a 'java/lang/ClassNotFoundException': java/lang/ObjectCustomizer> (0x00000000d6060818) thrown at [C:\ade\jenkins\workspace\8-2-build-windows-amd64-cygwin\jdk8u241\331\hotspot\src\share\vm\classfile\systemDictionary.cpp, line 210]
Event: 3.003 Thread 0x0000000002484800 Exception <a 'java/lang/ClassNotFoundException': org/springframework/transaction/annotation/AbstractTransactionManagementConfigurationCustomizer> (0x00000000d607fdd8) thrown at [C:\ade\jenkins\workspace\8-2-build-windows-amd64-cygwin\jdk8u241\331\hotspot\
Event: 3.004 Thread 0x0000000002484800 Exception <a 'java/lang/ClassNotFoundException': org/springframework/transaction/annotation/ProxyTransactionManagementConfigurationCustomizer> (0x00000000d609cf58) thrown at [C:\ade\jenkins\workspace\8-2-build-windows-amd64-cygwin\jdk8u241\331\hotspot\src
Event: 3.005 Thread 0x0000000002484800 Exception <a 'java/lang/ClassNotFoundException': org/springframework/context/annotation/ImportAwareCustomizer> (0x00000000d60b4fa8) thrown at [C:\ade\jenkins\workspace\8-2-build-windows-amd64-cygwin\jdk8u241\331\hotspot\src\share\vm\classfile\systemDictio
Event: 3.006 Thread 0x0000000002484800 Exception <a 'java/lang/ClassNotFoundException': org/springframework/beans/factory/AwareCustomizer> (0x00000000d60c7128) thrown at [C:\ade\jenkins\workspace\8-2-build-windows-amd64-cygwin\jdk8u241\331\hotspot\src\share\vm\classfile\systemDictionary.cpp, l
Event: 3.006 Thread 0x0000000002484800 Implicit null exception at 0x0000000002d15d4c to 0x0000000002d15ec1

Events (10 events):
Event: 3.176 loading class org/springframework/boot/context/properties/bind/JavaBeanBinder$BeanProperty
Event: 3.176 loading class org/springframework/boot/context/properties/bind/JavaBeanBinder$BeanProperty done
Event: 3.185 Thread 0x0000000002484800 Uncommon trap: trap_request=0xffffffde fr.pc=0x000000000299f780
Event: 3.185 Thread 0x0000000002484800 DEOPT PACKING pc=0x000000000299f780 sp=0x000000000247da00
Event: 3.185 Thread 0x0000000002484800 DEOPT UNPACKING pc=0x00000000025c583b sp=0x000000000247d988 mode 2
Event: 3.187 Thread 0x0000000002484800 Uncommon trap: trap_request=0xffffffde fr.pc=0x000000000299f780
Event: 3.187 Thread 0x0000000002484800 DEOPT PACKING pc=0x000000000299f780 sp=0x000000000247da00
Event: 3.187 Thread 0x0000000002484800 DEOPT UNPACKING pc=0x00000000025c583b sp=0x000000000247d988 mode 2
Event: 3.191 loading class org/apache/catalina/LifecycleEvent
Event: 3.191 loading class org/apache/catalina/LifecycleEvent done


Dynamic libraries:
0x00007ff729dc0000 - 0x00007ff729df7000 	C:\Program Files\Java\jre1.8.0_241\bin\javaw.exe
0x00007ff8af4f0000 - 0x00007ff8af6e5000 	C:\WINDOWS\SYSTEM32\ntdll.dll
0x00007ff8adca0000 - 0x00007ff8add5d000 	C:\WINDOWS\System32\KERNEL32.DLL
0x00007ff8ad280000 - 0x00007ff8ad547000 	C:\WINDOWS\System32\KERNELBASE.dll
0x00007ff8ae770000 - 0x00007ff8ae81a000 	C:\WINDOWS\System32\ADVAPI32.dll
0x00007ff8aeef0000 - 0x00007ff8aef8e000 	C:\WINDOWS\System32\msvcrt.dll
0x00007ff8aee50000 - 0x00007ff8aeeeb000 	C:\WINDOWS\System32\sechost.dll
0x00007ff8af020000 - 0x00007ff8af144000 	C:\WINDOWS\System32\RPCRT4.dll
0x00007ff8af1b0000 - 0x00007ff8af350000 	C:\WINDOWS\System32\USER32.dll
0x00007ff8ad0f0000 - 0x00007ff8ad112000 	C:\WINDOWS\System32\win32u.dll
0x00007ff8add60000 - 0x00007ff8add8a000 	C:\WINDOWS\System32\GDI32.dll
0x00007ff8acde0000 - 0x00007ff8acee9000 	C:\WINDOWS\System32\gdi32full.dll
0x00007ff8acf50000 - 0x00007ff8acfed000 	C:\WINDOWS\System32\msvcp_win.dll
0x00007ff8acff0000 - 0x00007ff8ad0f0000 	C:\WINDOWS\System32\ucrtbase.dll
0x00007ff89e5d0000 - 0x00007ff89e86b000 	C:\WINDOWS\WinSxS\amd64_microsoft.windows.common-controls_6595b64144ccf1df_6.0.19041.488_none_ca04af081b815d21\COMCTL32.dll
0x00007ff8ae4e0000 - 0x00007ff8ae510000 	C:\WINDOWS\System32\IMM32.DLL
0x0000000054420000 - 0x00000000544f2000 	C:\Program Files\Java\jre1.8.0_241\bin\msvcr100.dll
0x00000000552d0000 - 0x0000000055b7c000 	C:\Program Files\Java\jre1.8.0_241\bin\server\jvm.dll
0x00007ff8af420000 - 0x00007ff8af428000 	C:\WINDOWS\System32\PSAPI.DLL
0x00007ff8a2fc0000 - 0x00007ff8a2fca000 	C:\WINDOWS\SYSTEM32\VERSION.dll
0x00007ff8a6c20000 - 0x00007ff8a6c47000 	C:\WINDOWS\SYSTEM32\WINMM.dll
0x00007ff8a4ef0000 - 0x00007ff8a4ef9000 	C:\WINDOWS\SYSTEM32\WSOCK32.dll
0x00007ff8aede0000 - 0x00007ff8aee4b000 	C:\WINDOWS\System32\WS2_32.dll
0x00007ff8a8070000 - 0x00007ff8a807f000 	C:\Program Files\Java\jre1.8.0_241\bin\verify.dll
0x00007ff89ad50000 - 0x00007ff89ad79000 	C:\Program Files\Java\jre1.8.0_241\bin\java.dll
0x00007ff89c7e0000 - 0x00007ff89c7f6000 	C:\Program Files\Java\jre1.8.0_241\bin\zip.dll
0x00007ff8ad550000 - 0x00007ff8adc91000 	C:\WINDOWS\System32\SHELL32.dll
0x00007ff8aa350000 - 0x00007ff8aaae3000 	C:\WINDOWS\SYSTEM32\windows.storage.dll
0x00007ff8ae820000 - 0x00007ff8aeb75000 	C:\WINDOWS\System32\combase.dll
0x00007ff8ac6a0000 - 0x00007ff8ac6cc000 	C:\WINDOWS\SYSTEM32\Wldp.dll
0x00007ff8ae6c0000 - 0x00007ff8ae76e000 	C:\WINDOWS\System32\SHCORE.dll
0x00007ff8ade70000 - 0x00007ff8adec5000 	C:\WINDOWS\System32\shlwapi.dll
0x00007ff8acb60000 - 0x00007ff8acb86000 	C:\WINDOWS\SYSTEM32\profapi.dll
0x00007ff895530000 - 0x00007ff89553d000 	C:\Program Files\Java\jre1.8.0_241\bin\management.dll
0x00007ff899f70000 - 0x00007ff899f8a000 	C:\Program Files\Java\jre1.8.0_241\bin\net.dll
0x00007ff8ac420000 - 0x00007ff8ac48a000 	C:\WINDOWS\system32\mswsock.dll
0x00007ff896360000 - 0x00007ff896377000 	C:\WINDOWS\system32\napinsp.dll
0x00007ff896340000 - 0x00007ff89635b000 	C:\WINDOWS\system32\pnrpnsp.dll
0x00007ff8a7490000 - 0x00007ff8a74a5000 	C:\WINDOWS\system32\wshbth.dll
0x00007ff8a7e10000 - 0x00007ff8a7e2d000 	C:\WINDOWS\system32\NLAapi.dll
0x00007ff8ac0c0000 - 0x00007ff8ac0fb000 	C:\WINDOWS\SYSTEM32\IPHLPAPI.DLL
0x00007ff8ac110000 - 0x00007ff8ac1db000 	C:\WINDOWS\SYSTEM32\DNSAPI.dll
0x00007ff8ae4c0000 - 0x00007ff8ae4c9000 	C:\WINDOWS\System32\NSI.dll
0x00007ff896280000 - 0x00007ff896292000 	C:\WINDOWS\System32\winrnr.dll
0x00007ff89f050000 - 0x00007ff89f05a000 	C:\Windows\System32\rasadhlp.dll
0x00007ff89eb10000 - 0x00007ff89eb8f000 	C:\WINDOWS\System32\fwpuclnt.dll
0x00007ff8ad1a0000 - 0x00007ff8ad1c7000 	C:\WINDOWS\System32\bcrypt.dll
0x00007ff899f50000 - 0x00007ff899f62000 	C:\Program Files\Java\jre1.8.0_241\bin\nio.dll

VM Arguments:
jvm_args: -Dfile.encoding=UTF-8 
java_command: com.cs.api.PostalManagementApplication
java_class_path (initial): E:\FALL 2020\8490 DB\Postal Management\Postal-Management\target\classes;C:\Users\manis\.m2\repository\org\springframework\boot\spring-boot-starter-data-jpa\2.3.4.RELEASE\spring-boot-starter-data-jpa-2.3.4.RELEASE.jar;C:\Users\manis\.m2\repository\org\springframework\boot\spring-boot-starter-aop\2.3.4.RELEASE\spring-boot-starter-aop-2.3.4.RELEASE.jar;C:\Users\manis\.m2\repository\org\springframework\spring-aop\5.2.9.RELEASE\spring-aop-5.2.9.RELEASE.jar;C:\Users\manis\.m2\repository\org\aspectj\aspectjweaver\1.9.6\aspectjweaver-1.9.6.jar;C:\Users\manis\.m2\repository\org\springframework\boot\spring-boot-starter-jdbc\2.3.4.RELEASE\spring-boot-starter-jdbc-2.3.4.RELEASE.jar;C:\Users\manis\.m2\repository\com\zaxxer\HikariCP\3.4.5\HikariCP-3.4.5.jar;C:\Users\manis\.m2\repository\org\springframework\spring-jdbc\5.2.9.RELEASE\spring-jdbc-5.2.9.RELEASE.jar;C:\Users\manis\.m2\repository\jakarta\transaction\jakarta.transaction-api\1.3.3\jakarta.transaction-api-1.3.3.jar;C:\Users\manis\.m2\repository\jakarta\persistence\jakarta.persistence-api\2.2.3\jakarta.persistence-api-2.2.3.jar;C:\Users\manis\.m2\repository\org\hibernate\hibernate-core\5.4.21.Final\hibernate-core-5.4.21.Final.jar;C:\Users\manis\.m2\repository\org\jboss\logging\jboss-logging\3.4.1.Final\jboss-logging-3.4.1.Final.jar;C:\Users\manis\.m2\repository\org\javassist\javassist\3.24.0-GA\javassist-3.24.0-GA.jar;C:\Users\manis\.m2\repository\net\bytebuddy\byte-buddy\1.10.14\byte-buddy-1.10.14.jar;C:\Users\manis\.m2\repository\antlr\antlr\2.7.7\antlr-2.7.7.jar;C:\Users\manis\.m2\repository\org\jboss\jandex\2.1.3.Final\jandex-2.1.3.Final.jar;C:\Users\manis\.m2\repository\com\fasterxml\classmate\1.5.1\classmate-1.5.1.jar;C:\Users\manis\.m2\repository\org\dom4j\dom4j\2.1.3\dom4j-2.1.3.jar;C:\Users\manis\.m2\repository\org\hibernate\common\hibernate-commons-annotations\5.1.0.Final\hibernate-commons-annotations-5.1.0.Final.jar;C:\Users\manis\.m2\repository\org\glassfish\jaxb\jaxb-runtime\2.3.3\
Launcher Type: SUN_STANDARD

Environment Variables:
JAVA_HOME=C:\Program Files\Java\jdk1.8.0_241
PATH=C:/Program Files/Java/jre1.8.0_241/bin/server;C:/Program Files/Java/jre1.8.0_241/bin;C:/Program Files/Java/jre1.8.0_241/lib/amd64;C:\Program Files (x86)\Common Files\Oracle\Java\javapath;C:\WINDOWS\system32;C:\WINDOWS;C:\WINDOWS\System32\Wbem;C:\WINDOWS\System32\WindowsPowerShell\v1.0\;C:\WINDOWS\System32\OpenSSH\;C:\Program Files (x86)\SMLNJ\bin\;C:\Program Files\Java\jdk1.8.0_241\bin;C:\Program Files\PuTTY\;C:\Program Files\TortoiseGit\bin;C:\Program Files\Git\cmd;C:\Users\manis\AppData\Local\Microsoft\WindowsApps;C:\Program Files\Java\jdk1.8.0_241\bin;C:\Users\manis\AppData\Local\GitHubDesktop\bin;C:\Program Files\Java\jfreechart-1.0.1\jfreechart-1.0.1\lib\jfreechart-1.0.1.jar;C:\Program Files\Java\jfreechart-1.0.1\jfreechart-1.0.1\lib\jcommon-1.0.0.jar;;C:\Users\manis\AppData\Local\Microsoft\WindowsApps;D:\softwares\eclipse-java-neon-R-win32-x86_64\eclipse;
USERNAME=manis
OS=Windows_NT
PROCESSOR_IDENTIFIER=Intel64 Family 6 Model 69 Stepping 1, GenuineIntel



---------------  S Y S T E M  ---------------

OS: Windows 10.0 , 64 bit Build 19041 (10.0.19041.292)

CPU:total 4 (initial active 4) (2 cores per cpu, 2 threads per core) family 6 model 69 stepping 1, cmov, cx8, fxsr, mmx, sse, sse2, sse3, ssse3, sse4.1, sse4.2, popcnt, avx, avx2, aes, clmul, erms, lzcnt, ht, tsc, tscinvbit, bmi1, bmi2

Memory: 4k page, physical 8262148k(539044k free), swap 14510264k(4152k free)

vm_info: Java HotSpot(TM) 64-Bit Server VM (25.241-b07) for windows-amd64 JRE (1.8.0_241-b07), built on Dec 11 2019 10:21:40 by "rejava" with MS VC++ 10.0 (VS2010)

time: Mon Oct 05 17:16:35 2020
timezone: Eastern Daylight Time
elapsed time: 3 seconds (0d 0h 0m 3s)

